#
# There is insufficient memory for the Java Runtime Environment to continue.
# Native memory allocation (mmap) failed to map 266338304 bytes. Error detail: G1 virtual space
# Possible reasons:
#   The system is out of physical RAM or swap space
#   This process is running with CompressedOops enabled, and the Java Heap may be blocking the growth of the native heap
# Possible solutions:
#   Reduce memory load on the system
#   Increase physical memory or swap space
#   Check if swap backing store is full
#   Decrease Java heap size (-Xmx/-Xms)
#   Decrease number of Java threads
#   Decrease Java thread stack sizes (-Xss)
#   Set larger code cache with -XX:ReservedCodeCacheSize=
#   JVM is running with Zero Based Compressed Oops mode in which the Java heap is
#     placed in the first 32GB address space. The Java Heap base address is the
#     maximum limit for the native heap growth. Please use -XX:HeapBaseMinAddress
#     to set the Java Heap base and to place the Java Heap above 32GB virtual address.
# This output file may be truncated or incomplete.
#
#  Out of Memory Error (os_windows.cpp:3825), pid=17772, tid=18048
#
# JRE version:  (17.0.11) (build )
# Java VM: OpenJDK 64-Bit Server VM (17.0.11+0--11852314, mixed mode, sharing, tiered, compressed oops, compressed class ptrs, g1 gc, windows-amd64)
# No core dump will be written. Minidumps are not enabled by default on client versions of Windows
#

---------------  S U M M A R Y ------------

Command Line: org.jetbrains.kotlin.cli.jvm.K2JVMCompiler @D:\Code\FP2\Kotlin\Practice-SocialMedia\app\build\20250223_8359316992530238685.compiler.options

Host: 11th Gen Intel(R) Core(TM) i7-1165G7 @ 2.80GHz, 8 cores, 15G,  Windows 11 , 64 bit Build 22621 (10.0.22621.4830)
Time: Sun Feb 23 20:49:10 2025 Hora estándar romance elapsed time: 0.010015 seconds (0d 0h 0m 0s)

---------------  T H R E A D  ---------------

Current thread (0x00000191c364db20):  JavaThread "Unknown thread" [_thread_in_vm, id=18048, stack(0x0000007637200000,0x0000007637300000)]

Stack: [0x0000007637200000,0x0000007637300000]
Native frames: (J=compiled Java code, j=interpreted, Vv=VM code, C=native code)
V  [jvm.dll+0x687bb9]
V  [jvm.dll+0x84142a]
V  [jvm.dll+0x8430ae]
V  [jvm.dll+0x843713]
V  [jvm.dll+0x24a35f]
V  [jvm.dll+0x684989]
V  [jvm.dll+0x67923a]
V  [jvm.dll+0x30af0b]
V  [jvm.dll+0x3123b6]
V  [jvm.dll+0x361dfe]
V  [jvm.dll+0x36202f]
V  [jvm.dll+0x2e0d38]
V  [jvm.dll+0x2e1ca4]
V  [jvm.dll+0x811f21]
V  [jvm.dll+0x36fb68]
V  [jvm.dll+0x7f0896]
V  [jvm.dll+0x3f3d2f]
V  [jvm.dll+0x3f58e1]
C  [jli.dll+0x528f]
C  [ucrtbase.dll+0x29333]
C  [KERNEL32.DLL+0x1259d]
C  [ntdll.dll+0x5af38]


---------------  P R O C E S S  ---------------

Threads class SMR info:
_java_thread_list=0x00007ffbbb96efd8, length=0, elements={
}

Java Threads: ( => current thread )

Other Threads:
  0x00000191c36ba750 GCTaskThread "GC Thread#0" [stack: 0x0000007637300000,0x0000007637400000] [id=5308]
  0x00000191c36cc300 ConcurrentGCThread "G1 Main Marker" [stack: 0x0000007637400000,0x0000007637500000] [id=9908]
  0x00000191c36ccd20 ConcurrentGCThread "G1 Conc#0" [stack: 0x0000007637500000,0x0000007637600000] [id=16420]

[error occurred during error reporting (printing all threads), id 0xc0000005, EXCEPTION_ACCESS_VIOLATION (0xc0000005) at pc=0x00007ffbbb121907]

VM state: not at safepoint (not fully initialized)

VM Mutex/Monitor currently owned by a thread:  ([mutex/lock_event])
[0x00000191c36494d0] Heap_lock - owner thread: 0x00000191c364db20

Heap address: 0x0000000703a00000, size: 4038 MB, Compressed Oops mode: Zero based, Oop shift amount: 3

CDS archive(s) mapped at: [0x0000000000000000-0x0000000000000000-0x0000000000000000), size 0, SharedBaseAddress: 0x0000000800000000, ArchiveRelocationMode: 1.
Narrow klass base: 0x0000000000000000, Narrow klass shift: 0, Narrow klass range: 0x0

GC Precious Log:
<Empty>

Heap:
 garbage-first heap   total 0K, used 0K [0x0000000703a00000, 0x0000000800000000)
  region size 2048K, 0 young (0K), 0 survivors (0K)
 Metaspace       used 0K, committed 0K, reserved 0K
  class space    used 0K, committed 0K, reserved 0K

Heap Regions: E=young(eden), S=young(survivor), O=old, HS=humongous(starts), HC=humongous(continues), CS=collection set, F=free, OA=open archive, CA=closed archive, TAMS=top-at-mark-start (previous, next)

Card table byte_map: [0x00000191d6640000,0x00000191d6e30000] _byte_map_base: 0x00000191d2e23000

Marking Bits (Prev, Next): (CMBitMap*) 0x00000191c36bad70, (CMBitMap*) 0x00000191c36badb0
 Prev Bits: [0x00000191d7620000, 0x00000191db538000)
 Next Bits: [0x00000191db540000, 0x00000191df458000)

GC Heap History (0 events):
No events

Dll operation events (1 events):
Event: 0.007 Loaded shared library C:\Program Files\Android\Android Studio\jbr\bin\java.dll

Deoptimization events (0 events):
No events

Classes unloaded (0 events):
No events

Classes redefined (0 events):
No events

Internal exceptions (0 events):
No events

VM Operations (0 events):
No events

Events (0 events):
No events


Dynamic libraries:
0x00007ff6dd990000 - 0x00007ff6dd99a000 	C:\Program Files\Android\Android Studio\jbr\bin\java.exe
0x00007ffc0b3f0000 - 0x00007ffc0b607000 	C:\WINDOWS\SYSTEM32\ntdll.dll
0x00007ffc09120000 - 0x00007ffc091e4000 	C:\WINDOWS\System32\KERNEL32.DLL
0x00007ffc08960000 - 0x00007ffc08d30000 	C:\WINDOWS\System32\KERNELBASE.dll
0x00007ffc08e00000 - 0x00007ffc08f11000 	C:\WINDOWS\System32\ucrtbase.dll
0x00007ffbdf3d0000 - 0x00007ffbdf3eb000 	C:\Program Files\Android\Android Studio\jbr\bin\VCRUNTIME140.dll
0x00007ffbdf4a0000 - 0x00007ffbdf4b7000 	C:\Program Files\Android\Android Studio\jbr\bin\jli.dll
0x00007ffc09db0000 - 0x00007ffc09f5e000 	C:\WINDOWS\System32\USER32.dll
0x00007ffc087c0000 - 0x00007ffc087e6000 	C:\WINDOWS\System32\win32u.dll
0x00007ffbecb00000 - 0x00007ffbecd92000 	C:\WINDOWS\WinSxS\amd64_microsoft.windows.common-controls_6595b64144ccf1df_6.0.22621.4830_none_270fe7d773858e80\COMCTL32.dll
0x00007ffc09850000 - 0x00007ffc09879000 	C:\WINDOWS\System32\GDI32.dll
0x00007ffc086a0000 - 0x00007ffc087bb000 	C:\WINDOWS\System32\gdi32full.dll
0x00007ffc09900000 - 0x00007ffc099a7000 	C:\WINDOWS\System32\msvcrt.dll
0x00007ffc08d30000 - 0x00007ffc08dca000 	C:\WINDOWS\System32\msvcp_win.dll
0x00007ffc090e0000 - 0x00007ffc09111000 	C:\WINDOWS\System32\IMM32.DLL
0x00007ffbe8b00000 - 0x00007ffbe8b0c000 	C:\Program Files\Android\Android Studio\jbr\bin\vcruntime140_1.dll
0x00007ffbbcaf0000 - 0x00007ffbbcb7d000 	C:\Program Files\Android\Android Studio\jbr\bin\msvcp140.dll
0x00007ffbbae30000 - 0x00007ffbbbab3000 	C:\Program Files\Android\Android Studio\jbr\bin\server\jvm.dll
0x00007ffc0a100000 - 0x00007ffc0a1b1000 	C:\WINDOWS\System32\ADVAPI32.dll
0x00007ffc096f0000 - 0x00007ffc09797000 	C:\WINDOWS\System32\sechost.dll
0x00007ffc08dd0000 - 0x00007ffc08df8000 	C:\WINDOWS\System32\bcrypt.dll
0x00007ffc0a1c0000 - 0x00007ffc0a2d4000 	C:\WINDOWS\System32\RPCRT4.dll
0x00007ffc083c0000 - 0x00007ffc0840d000 	C:\WINDOWS\SYSTEM32\POWRPROF.dll
0x00007ffbdee30000 - 0x00007ffbdee39000 	C:\WINDOWS\SYSTEM32\WSOCK32.dll
0x00007ffbfd840000 - 0x00007ffbfd874000 	C:\WINDOWS\SYSTEM32\WINMM.dll
0x00007ffbfb400000 - 0x00007ffbfb40a000 	C:\WINDOWS\SYSTEM32\VERSION.dll
0x00007ffc0a2e0000 - 0x00007ffc0a351000 	C:\WINDOWS\System32\WS2_32.dll
0x00007ffc083a0000 - 0x00007ffc083b3000 	C:\WINDOWS\SYSTEM32\UMPDC.dll
0x00007ffc076b0000 - 0x00007ffc076c8000 	C:\WINDOWS\SYSTEM32\kernel.appcore.dll
0x00007ffbf8550000 - 0x00007ffbf855a000 	C:\Program Files\Android\Android Studio\jbr\bin\jimage.dll
0x00007ffc05f60000 - 0x00007ffc06192000 	C:\WINDOWS\SYSTEM32\DBGHELP.DLL
0x00007ffc09a20000 - 0x00007ffc09db0000 	C:\WINDOWS\System32\combase.dll
0x00007ffc0aa50000 - 0x00007ffc0ab27000 	C:\WINDOWS\System32\OLEAUT32.dll
0x00007ffbe9c80000 - 0x00007ffbe9cb2000 	C:\WINDOWS\SYSTEM32\dbgcore.DLL
0x00007ffc08fa0000 - 0x00007ffc0901b000 	C:\WINDOWS\System32\bcryptPrimitives.dll
0x00007ffbf76b0000 - 0x00007ffbf76d5000 	C:\Program Files\Android\Android Studio\jbr\bin\java.dll

dbghelp: loaded successfully - version: 4.0.5 - missing functions: none
symbol engine: initialized successfully - sym options: 0x614 - pdb path: .;C:\Program Files\Android\Android Studio\jbr\bin;C:\WINDOWS\SYSTEM32;C:\WINDOWS\WinSxS\amd64_microsoft.windows.common-controls_6595b64144ccf1df_6.0.22621.4830_none_270fe7d773858e80;C:\Program Files\Android\Android Studio\jbr\bin\server

VM Arguments:
java_command: org.jetbrains.kotlin.cli.jvm.K2JVMCompiler @D:\Code\FP2\Kotlin\Practice-SocialMedia\app\build\20250223_8359316992530238685.compiler.options
java_class_path (initial): C:\Users\alvar\.gradle\caches\modules-2\files-2.1\org.jetbrains.kotlin\kotlin-compiler-embeddable\1.9.24\78dab849090e6c5e2eadb6e59a11cdc28fb67a08\kotlin-compiler-embeddable-1.9.24.jar;C:\Users\alvar\.gradle\caches\modules-2\files-2.1\org.jetbrains.kotlin\kotlin-stdlib\1.9.24\9928532f12c66ad816a625b3f9984f8368ca6d2b\kotlin-stdlib-1.9.24.jar;C:\Users\alvar\.gradle\caches\modules-2\files-2.1\org.jetbrains.kotlin\kotlin-script-runtime\1.9.24\96771497da90fbc5af1c90fce148db2595a62502\kotlin-script-runtime-1.9.24.jar;C:\Users\alvar\.gradle\caches\modules-2\files-2.1\org.jetbrains.kotlin\kotlin-reflect\1.6.10\1cbe9c92c12a94eea200d23c2bbaedaf3daf5132\kotlin-reflect-1.6.10.jar;C:\Users\alvar\.gradle\caches\modules-2\files-2.1\org.jetbrains.kotlin\kotlin-daemon-embeddable\1.9.24\86685b9c5e8d170925bd9ddbdc263374a6a73281\kotlin-daemon-embeddable-1.9.24.jar;C:\Users\alvar\.gradle\caches\modules-2\files-2.1\org.jetbrains.intellij.deps\trove4j\1.0.20200330\3afb14d5f9ceb459d724e907a21145e8ff394f02\trove4j-1.0.20200330.jar;C:\Users\alvar\.gradle\caches\modules-2\files-2.1\org.jetbrains\annotations\13.0\919f0dfe192fb4e063e7dacadee7f8bb9a2672a9\annotations-13.0.jar
Launcher Type: SUN_STANDARD

[Global flags]
     intx CICompilerCount                          = 4                                         {product} {ergonomic}
     uint ConcGCThreads                            = 2                                         {product} {ergonomic}
     uint G1ConcRefinementThreads                  = 8                                         {product} {ergonomic}
   size_t G1HeapRegionSize                         = 2097152                                   {product} {ergonomic}
    uintx GCDrainStackTargetSize                   = 64                                        {product} {ergonomic}
   size_t InitialHeapSize                          = 266338304                                 {product} {ergonomic}
   size_t MarkStackSize                            = 4194304                                   {product} {ergonomic}
   size_t MaxHeapSize                              = 4234149888                                {product} {ergonomic}
   size_t MinHeapDeltaBytes                        = 2097152                                   {product} {ergonomic}
   size_t MinHeapSize                              = 8388608                                   {product} {ergonomic}
    uintx NonNMethodCodeHeapSize                   = 5839372                                {pd product} {ergonomic}
    uintx NonProfiledCodeHeapSize                  = 122909434                              {pd product} {ergonomic}
    uintx ProfiledCodeHeapSize                     = 122909434                              {pd product} {ergonomic}
    uintx ReservedCodeCacheSize                    = 251658240                              {pd product} {ergonomic}
     bool SegmentedCodeCache                       = true                                      {product} {ergonomic}
   size_t SoftMaxHeapSize                          = 4234149888                             {manageable} {ergonomic}
     bool UseCompressedClassPointers               = true                           {product lp64_product} {ergonomic}
     bool UseCompressedOops                        = true                           {product lp64_product} {ergonomic}
     bool UseG1GC                                  = true                                      {product} {ergonomic}
     bool UseLargePagesIndividualAllocation        = false                                  {pd product} {ergonomic}

Logging:
Log output configuration:
 #0: stdout all=warning uptime,level,tags
 #1: stderr all=off uptime,level,tags

Environment Variables:
JAVA_HOME=C:\Program Files\Java\jdk-19
CLASSPATH=C:\Program Files\Java\jdk-19\lib
PATH=C:\Program Files\Common Files\Oracle\Java\javapath;C:\oraclexe\app\oracle\product\11.2.0\server\bin;C:\WINDOWS\system32;C:\WINDOWS;C:\WINDOWS\System32\Wbem;C:\WINDOWS\System32\WindowsPowerShell\v1.0\;C:\WINDOWS\System32\OpenSSH\;C:\Program Files\MATLAB\R2021b\bin;C:\ProgramData\chocolatey\bin;C:\Program Files\Java\jdk-21\bin\;C:\Program Files\GitHub CLI\;C:\Program Files\VSCodium\bin;C:\Program Files (x86)\ZeroTier\One\;C:\Program Files\HP\HP One Agent;C:\Users\alvar\.cargo\bin;C:\Program Files\MySQL\MySQL Shell 8.0\bin\;C:\Users\alvar\scoop\apps\mpv\current;C:\Users\alvar\scoop\shims;C:\Users\alvar\AppData\Local\Programs\Python\Python313\Scripts\;C:\Users\alvar\AppData\Local\Programs\Python\Python313\Scripts;C:\Users\alvar\AppData\Local\Programs\Python\Python313\;C:\Users\alvar\AppData\Local\Microsoft\WindowsApps;C:\mingw64\bin;C:\ffmpeg\bin;C:\tools\neovim\nvim-win64\bin;C:\Program Files\Java\jdk-19\bin;C:\Program Files\Java\jre-1.8\bin;C:\Users\alvar\AppData\Local\Progr;C:\Program Files\PowerShell\7\;C:\Program Files\dotnet\;C:\Program Files\Git\cmd;C:\Users\alvar\scoop\apps\mpv\current;C:\Users\alvar\scoop\shims;C:\Users\alvar\AppData\Local\Microsoft\WindowsApps;C:\mingw64\bin;C:\ffmpeg\bin;C:\tools\neovim\nvim-win64\bin;C:\Program Files\Java\jdk-19\bin;C:\Program Files\Java\jre-1.8\bin;C:\Program Files\Python312;C:\Users\alvar\AppData\Local\Programs\Microsoft VS Code\bin;C:\Users\alvar\.dotnet\tools
USERNAME=alvar
OS=Windows_NT
PROCESSOR_IDENTIFIER=Intel64 Family 6 Model 140 Stepping 1, GenuineIntel
TMP=C:\Users\alvar\AppData\Local\Temp
TEMP=C:\Users\alvar\AppData\Local\Temp



Periodic native trim disabled

JNI global refs:
JNI global refs: 0, weak refs: 0

JNI global refs memory usage: 0, weak refs: 0

Process memory usage:
Resident Set Size: 11860K (0% of 16537592K total physical memory with 3583460K free physical memory)

OOME stack traces (most recent first):
Classloader memory used:


---------------  S Y S T E M  ---------------

OS:
 Windows 11 , 64 bit Build 22621 (10.0.22621.4830)
OS uptime: 0 days 5:57 hours
Hyper-V role detected

CPU: total 8 (initial active 8) (4 cores per cpu, 2 threads per core) family 6 model 140 stepping 1 microcode 0xa4, cx8, cmov, fxsr, ht, mmx, 3dnowpref, sse, sse2, sse3, ssse3, sse4.1, sse4.2, popcnt, lzcnt, tsc, tscinvbit, avx, avx2, aes, erms, clmul, bmi1, bmi2, adx, avx512f, avx512dq, avx512cd, avx512bw, avx512vl, sha, fma, vzeroupper, avx512_vpopcntdq, avx512_vpclmulqdq, avx512_vaes, avx512_vnni, clflush, clflushopt, clwb, avx512_vbmi2, avx512_vbmi, hv
Processor Information for all 8 processors :
  Max Mhz: 2803, Current Mhz: 2803, Mhz Limit: 2803

Memory: 4k page, system-wide physical 16149M (3499M free)
TotalPageFile size 16149M (AvailPageFile size 10M)
current process WorkingSet (physical memory assigned to process): 11M, peak: 11M
current process commit charge ("private bytes"): 60M, peak: 314M

vm_info: OpenJDK 64-Bit Server VM (17.0.11+0--11852314) for windows-amd64 JRE (17.0.11+0--11852314), built on May 16 2024 21:29:20 by "androidbuild" with MS VC++ 16.10 / 16.11 (VS2019)

END.
